<?xml version="1.0" encoding="UTF-8"?>
<!-- Generated by org.testng.reporters.JUnitXMLReporter -->
<testsuite ignored="0" hostname="LAPTOP-7V1FCHGU" failures="0" tests="6" name="Regression Test" time="21.256" errors="0" timestamp="2023-01-23T22:40:19 EST">
  <testcase classname="test.test" name="getDepartments" time="0.423"/>
  <testcase classname="test.test" name="getSearchResults" time="7.928"/>
  <testcase classname="test.test" name="testHomeButton" time="2.636"/>
  <testcase classname="test.test" name="testSearchBar" time="0.616"/>
  <testcase classname="test.test" name="testTitle" time="0.04"/>
  <testcase classname="test.test" name="testSignIn" time="2.01"/>
</testsuite> <!-- Regression Test -->
