<?xml version="1.0" encoding="UTF-8"?>
<testng-results ignored="0" total="6" passed="6" failed="0" skipped="0">
  <reporter-output>
  </reporter-output>
  <suite started-at="2023-01-23T22:39:57 EST" name="Regression Suite" finished-at="2023-01-23T22:40:18 EST" duration-ms="21256">
    <groups>
    </groups>
    <test started-at="2023-01-23T22:39:57 EST" name="Regression Test" finished-at="2023-01-23T22:40:18 EST" duration-ms="21256">
      <class name="test.test">
        <test-method is-config="true" signature="setup(java.lang.String,java.lang.String,java.lang.String)[pri:0, instance:test.test@7d4f9aae]" started-at="2023-01-23T22:39:57 EST" name="setup" finished-at="2023-01-23T22:40:04 EST" duration-ms="6625" status="PASS">
          <params>
            <param index="0">
              <value>
                <![CDATA[https://www.amazon.com]]>
              </value>
            </param>
            <param index="1">
              <value>
                <![CDATA[chrome]]>
              </value>
            </param>
            <param index="2">
              <value>
                <![CDATA[web driver]]>
              </value>
            </param>
          </params>
          <reporter-output>
          </reporter-output>
        </test-method> <!-- setup -->
        <test-method signature="getDepartments()[pri:0, instance:test.test@7d4f9aae]" started-at="2023-01-23T22:40:04 EST" name="getDepartments" finished-at="2023-01-23T22:40:04 EST" duration-ms="423" status="PASS">
          <reporter-output>
          </reporter-output>
        </test-method> <!-- getDepartments -->
        <test-method signature="getSearchResults(java.lang.String)[pri:0, instance:test.test@7d4f9aae]" started-at="2023-01-23T22:40:04 EST" name="getSearchResults" finished-at="2023-01-23T22:40:12 EST" duration-ms="7928" status="PASS">
          <params>
            <param index="0">
              <value>
                <![CDATA[Nike Socks]]>
              </value>
            </param>
          </params>
          <reporter-output>
          </reporter-output>
        </test-method> <!-- getSearchResults -->
        <test-method signature="testHomeButton()[pri:0, instance:test.test@7d4f9aae]" started-at="2023-01-23T22:40:12 EST" name="testHomeButton" finished-at="2023-01-23T22:40:15 EST" duration-ms="2636" status="PASS">
          <reporter-output>
          </reporter-output>
        </test-method> <!-- testHomeButton -->
        <test-method signature="testSearchBar(java.lang.String)[pri:0, instance:test.test@7d4f9aae]" started-at="2023-01-23T22:40:15 EST" name="testSearchBar" finished-at="2023-01-23T22:40:16 EST" duration-ms="616" status="PASS">
          <params>
            <param index="0">
              <value>
                <![CDATA[Nike Socks]]>
              </value>
            </param>
          </params>
          <reporter-output>
          </reporter-output>
        </test-method> <!-- testSearchBar -->
        <test-method signature="testTitle()[pri:0, instance:test.test@7d4f9aae]" started-at="2023-01-23T22:40:16 EST" name="testTitle" finished-at="2023-01-23T22:40:16 EST" duration-ms="40" status="PASS">
          <reporter-output>
          </reporter-output>
        </test-method> <!-- testTitle -->
        <test-method signature="testSignIn(java.lang.String,java.lang.String)[pri:1, instance:test.test@7d4f9aae]" started-at="2023-01-23T22:40:16 EST" name="testSignIn" finished-at="2023-01-23T22:40:18 EST" duration-ms="2010" status="PASS">
          <params>
            <param index="0">
              <value>
                <![CDATA[test123@gmail.com]]>
              </value>
            </param>
            <param index="1">
              <value>
                <![CDATA[test123]]>
              </value>
            </param>
          </params>
          <reporter-output>
          </reporter-output>
        </test-method> <!-- testSignIn -->
        <test-method is-config="true" signature="tearDown()[pri:0, instance:test.test@7d4f9aae]" started-at="2023-01-23T22:40:18 EST" name="tearDown" finished-at="2023-01-23T22:40:18 EST" duration-ms="874" status="PASS">
          <reporter-output>
          </reporter-output>
        </test-method> <!-- tearDown -->
      </class> <!-- test.test -->
    </test> <!-- Regression Test -->
  </suite> <!-- Regression Suite -->
</testng-results>
